RUN	com.gatling.tests.RecordedSimulation	recordedsimulation	1643641442656	 	3.6.1
USER	RecordedSimulation	START	1643641444586
USER	RecordedSimulation	START	1643641444586
USER	RecordedSimulation	START	1643641444585
USER	RecordedSimulation	START	1643641444586
USER	RecordedSimulation	START	1643641444586
USER	RecordedSimulation	START	1643641444585
USER	RecordedSimulation	START	1643641444585
USER	RecordedSimulation	START	1643641444585
USER	RecordedSimulation	START	1643641444585
USER	RecordedSimulation	START	1643641444586
REQUEST		ComputerHomepage	1643641444702	1643641445955	OK	 
REQUEST		ComputerHomepage	1643641444702	1643641445955	OK	 
REQUEST		ComputerHomepage	1643641444702	1643641445976	OK	 
REQUEST		ComputerHomepage	1643641444702	1643641445976	OK	 
REQUEST		ComputerHomepage	1643641444702	1643641445973	OK	 
REQUEST		ComputerHomepage	1643641444702	1643641445976	OK	 
REQUEST		ComputerHomepage	1643641444703	1643641445964	OK	 
REQUEST		ComputerHomepage	1643641444702	1643641446010	OK	 
REQUEST		ComputerHomepage	1643641444702	1643641446025	OK	 
REQUEST		ComputerHomepage	1643641444703	1643641446032	OK	 
REQUEST		AddComputerPage	1643641447182	1643641447492	OK	 
REQUEST		AddComputerPage	1643641447185	1643641447496	OK	 
REQUEST		AddComputerPage	1643641447182	1643641447496	OK	 
REQUEST		AddComputerPage	1643641447183	1643641447496	OK	 
REQUEST		AddComputerPage	1643641447183	1643641447497	OK	 
REQUEST		AddComputerPage	1643641447183	1643641447497	OK	 
REQUEST		AddComputerPage	1643641447182	1643641447499	OK	 
REQUEST		AddComputerPage	1643641447182	1643641447500	OK	 
REQUEST		AddComputerPage	1643641447182	1643641447500	OK	 
REQUEST		AddComputerPage	1643641447184	1643641447501	OK	 
REQUEST		ComputerHomepage	1643641448517	1643641448833	OK	 
REQUEST		ComputerHomepage	1643641448516	1643641448841	OK	 
REQUEST		ComputerHomepage	1643641448517	1643641448846	OK	 
REQUEST		ComputerHomepage	1643641448516	1643641448832	OK	 
REQUEST		ComputerHomepage	1643641448516	1643641448833	OK	 
REQUEST		ComputerHomepage	1643641448517	1643641448838	OK	 
REQUEST		ComputerHomepage	1643641448516	1643641448838	OK	 
REQUEST		ComputerHomepage	1643641448516	1643641448827	OK	 
REQUEST		ComputerHomepage	1643641448516	1643641448834	OK	 
REQUEST		ComputerHomepage	1643641448517	1643641448833	OK	 
REQUEST		ComputerHomepage Redirect 1	1643641448874	1643641449175	OK	 
REQUEST		ComputerHomepage Redirect 1	1643641448871	1643641449177	OK	 
REQUEST		ComputerHomepage Redirect 1	1643641448872	1643641449179	OK	 
REQUEST		ComputerHomepage Redirect 1	1643641448874	1643641449181	OK	 
REQUEST		ComputerHomepage Redirect 1	1643641448872	1643641449181	OK	 
REQUEST		ComputerHomepage Redirect 1	1643641448874	1643641449183	OK	 
USER	RecordedSimulation	END	1643641449183
REQUEST		ComputerHomepage Redirect 1	1643641448873	1643641449184	OK	 
USER	RecordedSimulation	END	1643641449183
USER	RecordedSimulation	END	1643641449184
USER	RecordedSimulation	END	1643641449184
USER	RecordedSimulation	END	1643641449184
REQUEST		ComputerHomepage Redirect 1	1643641448871	1643641449186	OK	 
USER	RecordedSimulation	END	1643641449185
USER	RecordedSimulation	END	1643641449186
USER	RecordedSimulation	END	1643641449188
REQUEST		ComputerHomepage Redirect 1	1643641448873	1643641449185	KO	status.find.in(200,201,202,203,204,205,206,207,208,209,304), found 429
REQUEST		ComputerHomepage Redirect 1	1643641448872	1643641449184	KO	status.find.in(200,201,202,203,204,205,206,207,208,209,304), found 429
USER	RecordedSimulation	END	1643641449213
USER	RecordedSimulation	END	1643641449213
